This is pdfTeX, Version 3.141592653-2.6-1.40.24 (TeX Live 2022) (preloaded format=pdflatex 2022.5.30)  19 APR 2023 21:33
entering extended mode
 restricted \write18 enabled.
 file:line:error style messages enabled.
 %&-line parsing enabled.
**d:/codefiles/latex/ÂáùËÅöÊÄÅÁâ©ÁêÜ-‰∏ì‰∏öËØæ/condensed-matter-physics-cheat-sheet.tex
(d:/codefiles/latex/ÂáùËÅöÊÄÅÁâ©ÁêÜ-‰∏ì‰∏öËØæ/condensed-matter-physics-cheat-sheet.tex
LaTeX2e <2021-11-15> patch level 1
L3 programming layer <2022-02-24> (c:/texlive/2022/texmf-dist/tex/latex/ctex/ctexart.cls (c:/texlive/2022/texmf-dist/tex/latex/ctex/config/ctexbackend.cfg
File: ctexbackend.cfg 2021/12/12 v2.5.8 Backend configuration file (CTEX)
) (c:/texlive/2022/texmf-dist/tex/latex/l3kernel/expl3.sty
Package: expl3 2022-02-24 L3 programming layer (loader) 
 (c:/texlive/2022/texmf-dist/tex/latex/l3backend/l3backend-pdftex.def
File: l3backend-pdftex.def 2022-02-07 L3 backend support: PDF output (pdfTeX)
\l__color_backend_stack_int=\count185
\l__pdf_internal_box=\box50
))
Document Class: ctexart 2021/12/12 v2.5.8 Chinese adapter for class article (CTEX)
(c:/texlive/2022/texmf-dist/tex/latex/l3packages/xparse/xparse.sty
Package: xparse 2022-01-12 L3 Experimental document command parser
) (c:/texlive/2022/texmf-dist/tex/latex/l3packages/l3keys2e/l3keys2e.sty
Package: l3keys2e 2022-01-12 LaTeX2e option processing using LaTeX3 keys
) (c:/texlive/2022/texmf-dist/tex/latex/ctex/ctexhook.sty
Package: ctexhook 2021/12/12 v2.5.8 Document and package hooks (CTEX)
) (c:/texlive/2022/texmf-dist/tex/latex/ctex/ctexpatch.sty
Package: ctexpatch 2021/12/12 v2.5.8 Patching commands (CTEX)
) (c:/texlive/2022/texmf-dist/tex/latex/base/fix-cm.sty
Package: fix-cm 2020/11/24 v1.1t fixes to LaTeX
 (c:/texlive/2022/texmf-dist/tex/latex/base/ts1enc.def
File: ts1enc.def 2001/06/05 v3.0e (jk/car/fm) Standard LaTeX file
LaTeX Font Info:    Redeclaring font encoding TS1 on input line 47.
))
\l__ctex_tmp_int=\count186
\l__ctex_tmp_box=\box51
\l__ctex_tmp_dim=\dimen138
\g__ctex_section_depth_int=\count187
\g__ctex_font_size_int=\count188
 (c:/texlive/2022/texmf-dist/tex/latex/ctex/config/ctexopts.cfg
File: ctexopts.cfg 2021/12/12 v2.5.8 Option configuration file (CTEX)
) (c:/texlive/2022/texmf-dist/tex/latex/base/article.cls
Document Class: article 2021/10/04 v1.4n Standard LaTeX document class
(c:/texlive/2022/texmf-dist/tex/latex/base/size10.clo
File: size10.clo 2021/10/04 v1.4n Standard LaTeX file (size option)
)
\c@part=\count189
\c@section=\count190
\c@subsection=\count191
\c@subsubsection=\count192
\c@paragraph=\count193
\c@subparagraph=\count194
\c@figure=\count195
\c@table=\count196
\abovecaptionskip=\skip47
\belowcaptionskip=\skip48
\bibindent=\dimen139
) (c:/texlive/2022/texmf-dist/tex/latex/ctex/engine/ctex-engine-pdftex.def
File: ctex-engine-pdftex.def 2021/12/12 v2.5.8 (pdf)LaTeX adapter (CTEX)
 (c:/texlive/2022/texmf-dist/tex/latex/cjk/texinput/CJKutf8.sty
Package: CJKutf8 2021/10/16 4.8.5
 (c:/texlive/2022/texmf-dist/tex/generic/iftex/ifpdf.sty
Package: ifpdf 2019/10/25 v3.4 ifpdf legacy package. Use iftex instead.
 (c:/texlive/2022/texmf-dist/tex/generic/iftex/iftex.sty
Package: iftex 2022/02/03 v1.0f TeX engine tests
)) (c:/texlive/2022/texmf-dist/tex/latex/base/inputenc.sty
Package: inputenc 2021/02/14 v1.3d Input encoding file
\inpenc@prehook=\toks16
\inpenc@posthook=\toks17
) (c:/texlive/2022/texmf-dist/tex/latex/cjk/texinput/CJK.sty
Package: CJK 2021/10/16 4.8.5
 (c:/texlive/2022/texmf-dist/tex/latex/cjk/texinput/mule/MULEenc.sty
Package: MULEenc 2021/10/16 4.8.5
) (c:/texlive/2022/texmf-dist/tex/latex/cjk/texinput/CJK.enc
File: CJK.enc 2021/10/16 4.8.5
Now handling font encoding C00 ...
... no UTF-8 mapping file for font encoding C00
Now handling font encoding C05 ...
... no UTF-8 mapping file for font encoding C05
Now handling font encoding C09 ...
... no UTF-8 mapping file for font encoding C09
Now handling font encoding C10 ...
... no UTF-8 mapping file for font encoding C10
Now handling font encoding C20 ...
... no UTF-8 mapping file for font encoding C20
Now handling font encoding C19 ...
... no UTF-8 mapping file for font encoding C19
Now handling font encoding C40 ...
... no UTF-8 mapping file for font encoding C40
Now handling font encoding C42 ...
... no UTF-8 mapping file for font encoding C42
Now handling font encoding C43 ...
... no UTF-8 mapping file for font encoding C43
Now handling font encoding C50 ...
... no UTF-8 mapping file for font encoding C50
Now handling font encoding C52 ...
... no UTF-8 mapping file for font encoding C52
Now handling font encoding C49 ...
... no UTF-8 mapping file for font encoding C49
Now handling font encoding C60 ...
... no UTF-8 mapping file for font encoding C60
Now handling font encoding C61 ...
... no UTF-8 mapping file for font encoding C61
Now handling font encoding C63 ...
... no UTF-8 mapping file for font encoding C63
Now handling font encoding C64 ...
... no UTF-8 mapping file for font encoding C64
Now handling font encoding C65 ...
... no UTF-8 mapping file for font encoding C65
Now handling font encoding C70 ...
... no UTF-8 mapping file for font encoding C70
Now handling font encoding C31 ...
... no UTF-8 mapping file for font encoding C31
Now handling font encoding C32 ...
... no UTF-8 mapping file for font encoding C32
Now handling font encoding C33 ...
... no UTF-8 mapping file for font encoding C33
Now handling font encoding C34 ...
... no UTF-8 mapping file for font encoding C34
Now handling font encoding C35 ...
... no UTF-8 mapping file for font encoding C35
Now handling font encoding C36 ...
... no UTF-8 mapping file for font encoding C36
Now handling font encoding C37 ...
... no UTF-8 mapping file for font encoding C37
Now handling font encoding C80 ...
... no UTF-8 mapping file for font encoding C80
Now handling font encoding C81 ...
... no UTF-8 mapping file for font encoding C81
Now handling font encoding C01 ...
... no UTF-8 mapping file for font encoding C01
Now handling font encoding C11 ...
... no UTF-8 mapping file for font encoding C11
Now handling font encoding C21 ...
... no UTF-8 mapping file for font encoding C21
Now handling font encoding C41 ...
... no UTF-8 mapping file for font encoding C41
Now handling font encoding C62 ...
... no UTF-8 mapping file for font encoding C62
)
\CJK@indent=\box52
) (c:/texlive/2022/texmf-dist/tex/latex/base/fontenc.sty
Package: fontenc 2021/04/29 v2.0v Standard LaTeX package
)) (c:/texlive/2022/texmf-dist/tex/latex/cjkpunct/CJKpunct.sty
Package: CJKpunct 2016/05/14 4.8.4
\CJKpunct@cnta=\count197
\CJKpunct@cntb=\count198
\CJKpunct@cntc=\count199
\CJKpunct@cntd=\count266
\CJKpunct@cnte=\count267
   defining Unicode char U+2018 (decimal 8216)
   defining Unicode char U+2019 (decimal 8217)
   defining Unicode char U+201C (decimal 8220)
   defining Unicode char U+201D (decimal 8221)
   defining Unicode char U+2014 (decimal 8212)
   defining Unicode char U+2026 (decimal 8230)
 (c:/texlive/2022/texmf-dist/tex/latex/cjkpunct/CJKpunct.spa)) (c:/texlive/2022/texmf-dist/tex/latex/cjk/texinput/CJKspace.sty
Package: CJKspace 2021/10/16 3.8.0
) (c:/texlive/2022/texmf-dist/tex/latex/ctex/ctexspa.def
File: ctexspa.def 2021/12/12 v2.5.8 Space info for CJKpunct (CTEX)
)
\ccwd=\dimen140
\l__ctex_ccglue_skip=\skip49
)
\l__ctex_ziju_dim=\dimen141
 (c:/texlive/2022/texmf-dist/tex/latex/zhnumber/zhnumber.sty
Package: zhnumber 2020/05/01 v2.8 Typesetting numbers with Chinese glyphs
\l__zhnum_scale_int=\count268
\l__zhnum_byte_min_int=\count269
\l__zhnum_byte_max_int=\count270
 (c:/texlive/2022/texmf-dist/tex/latex/zhnumber/zhnumber-utf8.cfg
File: zhnumber-utf8.cfg 2020/05/01 v2.8 Chinese numerals with UTF8 encoding
))
\l__ctex_heading_skip=\skip50
 (c:/texlive/2022/texmf-dist/tex/latex/ctex/scheme/ctex-scheme-chinese-article.def
File: ctex-scheme-chinese-article.def 2021/12/12 v2.5.8 Chinese scheme for article (CTEX)
 (c:/texlive/2022/texmf-dist/tex/latex/ctex/config/ctex-name-utf8.cfg
File: ctex-name-utf8.cfg 2021/12/12 v2.5.8 Caption with encoding UTF-8 (CTEX)
)) (c:/texlive/2022/texmf-dist/tex/latex/ctex/ctex-c5size.clo
File: ctex-c5size.clo 2021/12/12 v2.5.8 c5size option (CTEX)
) (c:/texlive/2022/texmf-dist/tex/latex/ctex/fontset/ctex-fontset-windows.def
File: ctex-fontset-windows.def 2021/12/12 v2.5.8 Windows fonts definition (CTEX)
)) (c:/texlive/2022/texmf-dist/tex/latex/ctex/config/ctex.cfg
File: ctex.cfg 2021/12/12 v2.5.8 Configuration file (CTEX)
) (c:/texlive/2022/texmf-dist/tex/latex/geometry/geometry.sty
Package: geometry 2020/01/02 v5.9 Page Geometry
 (c:/texlive/2022/texmf-dist/tex/latex/graphics/keyval.sty
Package: keyval 2014/10/28 v1.15 key=value parser (DPC)
\KV@toks@=\toks18
) (c:/texlive/2022/texmf-dist/tex/generic/iftex/ifvtex.sty
Package: ifvtex 2019/10/25 v1.7 ifvtex legacy package. Use iftex instead.
)
\Gm@cnth=\count271
\Gm@cntv=\count272
\c@Gm@tempcnt=\count273
\Gm@bindingoffset=\dimen142
\Gm@wd@mp=\dimen143
\Gm@odd@mp=\dimen144
\Gm@even@mp=\dimen145
\Gm@layoutwidth=\dimen146
\Gm@layoutheight=\dimen147
\Gm@layouthoffset=\dimen148
\Gm@layoutvoffset=\dimen149
\Gm@dimlist=\toks19
)

Package ctex Warning: Command `\CTEXsetup' is deprecated.
(ctex)                \ctexset { section = { format={\Large \bfseries } } } is
(ctex)                set.

(c:/texlive/2022/texmf-dist/tex/latex/amsmath/amsmath.sty
Package: amsmath 2021/10/15 v2.17l AMS math features
\@mathmargin=\skip51

For additional information on amsmath, use the `?' option.
(c:/texlive/2022/texmf-dist/tex/latex/amsmath/amstext.sty
Package: amstext 2021/08/26 v2.01 AMS text
 (c:/texlive/2022/texmf-dist/tex/latex/amsmath/amsgen.sty
File: amsgen.sty 1999/11/30 v2.0 generic functions
\@emptytoks=\toks20
\ex@=\dimen150
)) (c:/texlive/2022/texmf-dist/tex/latex/amsmath/amsbsy.sty
Package: amsbsy 1999/11/29 v1.2d Bold Symbols
\pmbraise@=\dimen151
) (c:/texlive/2022/texmf-dist/tex/latex/amsmath/amsopn.sty
Package: amsopn 2021/08/26 v2.02 operator names
)
\inf@bad=\count274
LaTeX Info: Redefining \frac on input line 234.
\uproot@=\count275
\leftroot@=\count276
LaTeX Info: Redefining \overline on input line 399.
\classnum@=\count277
\DOTSCASE@=\count278
LaTeX Info: Redefining \ldots on input line 496.
LaTeX Info: Redefining \dots on input line 499.
LaTeX Info: Redefining \cdots on input line 620.
\Mathstrutbox@=\box53
\strutbox@=\box54
\big@size=\dimen152
LaTeX Font Info:    Redeclaring font encoding OML on input line 743.
LaTeX Font Info:    Redeclaring font encoding OMS on input line 744.
\macc@depth=\count279
\c@MaxMatrixCols=\count280
\dotsspace@=\muskip16
\c@parentequation=\count281
\dspbrk@lvl=\count282
\tag@help=\toks21
\row@=\count283
\column@=\count284
\maxfields@=\count285
\andhelp@=\toks22
\eqnshift@=\dimen153
\alignsep@=\dimen154
\tagshift@=\dimen155
\tagwidth@=\dimen156
\totwidth@=\dimen157
\lineht@=\dimen158
\@envbody=\toks23
\multlinegap=\skip52
\multlinetaggap=\skip53
\mathdisplay@stack=\toks24
LaTeX Info: Redefining \[ on input line 2938.
LaTeX Info: Redefining \] on input line 2939.
) (c:/texlive/2022/texmf-dist/tex/latex/amsfonts/amsfonts.sty
Package: amsfonts 2013/01/14 v3.01 Basic AMSFonts support
\symAMSa=\mathgroup4
\symAMSb=\mathgroup5
LaTeX Font Info:    Redeclaring math symbol \hbar on input line 98.
LaTeX Font Info:    Overwriting math alphabet `\mathfrak' in version `bold'
(Font)                  U/euf/m/n --> U/euf/b/n on input line 106.
) (c:/texlive/2022/texmf-dist/tex/latex/amsfonts/amssymb.sty
Package: amssymb 2013/01/14 v3.01 AMS font symbols
) (c:/texlive/2022/texmf-dist/tex/generic/babel/babel.sty
Package: babel 2022/02/26 3.73 The Babel package
\babel@savecnt=\count286
\U@D=\dimen159
\l@unhyphenated=\language87
 (c:/texlive/2022/texmf-dist/tex/generic/babel/txtbabel.def)
\bbl@readstream=\read2
\bbl@dirlevel=\count287
 (c:/texlive/2022/texmf-dist/tex/generic/babel-english/english.ldf
Language: english 2017/06/06 v3.3r English support from the babel system
Package babel Info: Hyphen rules for 'canadian' set to \l@english
(babel)             (\language0). Reported on input line 102.
Package babel Info: Hyphen rules for 'australian' set to \l@ukenglish
(babel)             (\language21). Reported on input line 105.
Package babel Info: Hyphen rules for 'newzealand' set to \l@ukenglish
(babel)             (\language21). Reported on input line 108.
)) (c:/texlive/2022/texmf-dist/tex/latex/graphics/color.sty
Package: color 2021/12/07 v1.3c Standard LaTeX Color (DPC)
 (c:/texlive/2022/texmf-dist/tex/latex/graphics-cfg/color.cfg
File: color.cfg 2016/01/02 v1.6 sample color configuration
)
Package color Info: Driver file: pdftex.def on input line 149.
 (c:/texlive/2022/texmf-dist/tex/latex/graphics-def/pdftex.def
File: pdftex.def 2020/10/05 v1.2a Graphics/color driver for pdftex
)) (c:/texlive/2022/texmf-dist/tex/latex/graphics/graphicx.sty
Package: graphicx 2021/09/16 v1.2d Enhanced LaTeX Graphics (DPC,SPQR)
 (c:/texlive/2022/texmf-dist/tex/latex/graphics/graphics.sty
Package: graphics 2021/03/04 v1.4d Standard LaTeX Graphics (DPC,SPQR)
 (c:/texlive/2022/texmf-dist/tex/latex/graphics/trig.sty
Package: trig 2021/08/11 v1.11 sin cos tan (DPC)
) (c:/texlive/2022/texmf-dist/tex/latex/graphics-cfg/graphics.cfg
File: graphics.cfg 2016/06/04 v1.11 sample graphics configuration
)
Package graphics Info: Driver file: pdftex.def on input line 107.
)
\Gin@req@height=\dimen160
\Gin@req@width=\dimen161
) (c:/texlive/2022/texmf-dist/tex/latex/url/url.sty
\Urlmuskip=\muskip17
Package: url 2013/09/16  ver 3.4  Verb mode for urls, etc.
) (c:/texlive/2022/texmf-dist/tex/latex/tools/bm.sty
Package: bm 2021/04/25 v1.2e Bold Symbol Support (DPC/FMi)
\symboldoperators=\mathgroup6
\symboldletters=\mathgroup7
\symboldsymbols=\mathgroup8
Package bm Info: No bold for \OMX/cmex/m/n, using \pmb.
Package bm Info: No bold for \U/msa/m/n, using \pmb.
Package bm Info: No bold for \U/msb/m/n, using \pmb.
LaTeX Font Info:    Redeclaring math alphabet \mathbf on input line 149.
) (c:/texlive/2022/texmf-dist/tex/latex/multirow/multirow.sty
Package: multirow 2021/03/15 v2.8 Span multiple rows of a table
\multirow@colwidth=\skip54
\multirow@cntb=\count288
\multirow@dima=\skip55
\bigstrutjot=\dimen162
) (c:/texlive/2022/texmf-dist/tex/latex/booktabs/booktabs.sty
Package: booktabs 2020/01/12 v1.61803398 Publication quality tables
\heavyrulewidth=\dimen163
\lightrulewidth=\dimen164
\cmidrulewidth=\dimen165
\belowrulesep=\dimen166
\belowbottomsep=\dimen167
\aboverulesep=\dimen168
\abovetopsep=\dimen169
\cmidrulesep=\dimen170
\cmidrulekern=\dimen171
\defaultaddspace=\dimen172
\@cmidla=\count289
\@cmidlb=\count290
\@aboverulesep=\dimen173
\@belowrulesep=\dimen174
\@thisruleclass=\count291
\@lastruleclass=\count292
\@thisrulewidth=\dimen175
) (c:/texlive/2022/texmf-dist/tex/latex/epstopdf-pkg/epstopdf.sty
Package: epstopdf 2020-01-24 v2.11 Conversion with epstopdf on the fly (HO)
 (c:/texlive/2022/texmf-dist/tex/generic/infwarerr/infwarerr.sty
Package: infwarerr 2019/12/03 v1.5 Providing info/warning/error messages (HO)
) (c:/texlive/2022/texmf-dist/tex/latex/grfext/grfext.sty
Package: grfext 2019/12/03 v1.3 Manage graphics extensions (HO)
 (c:/texlive/2022/texmf-dist/tex/generic/kvdefinekeys/kvdefinekeys.sty
Package: kvdefinekeys 2019-12-19 v1.6 Define keys (HO)
)) (c:/texlive/2022/texmf-dist/tex/latex/kvoptions/kvoptions.sty
Package: kvoptions 2020-10-07 v3.14 Key value format for package options (HO)
 (c:/texlive/2022/texmf-dist/tex/generic/ltxcmds/ltxcmds.sty
Package: ltxcmds 2020-05-10 v1.25 LaTeX kernel commands for general use (HO)
) (c:/texlive/2022/texmf-dist/tex/generic/kvsetkeys/kvsetkeys.sty
Package: kvsetkeys 2019/12/15 v1.18 Key value parser (HO)
)) (c:/texlive/2022/texmf-dist/tex/generic/pdftexcmds/pdftexcmds.sty
Package: pdftexcmds 2020-06-27 v0.33 Utility functions of pdfTeX for LuaTeX (HO)
Package pdftexcmds Info: \pdf@primitive is available.
Package pdftexcmds Info: \pdf@ifprimitive is available.
Package pdftexcmds Info: \pdfdraftmode found.
) (c:/texlive/2022/texmf-dist/tex/latex/epstopdf-pkg/epstopdf-base.sty
Package: epstopdf-base 2020-01-24 v2.11 Base part for package epstopdf
Package epstopdf-base Info: Redefining graphics rule for `.eps' on input line 485.
Package grfext Info: Graphics extension search list:
(grfext)             [.pdf,.png,.jpg,.mps,.jpeg,.jbig2,.jb2,.PDF,.PNG,.JPG,.JPEG,.JBIG2,.JB2,.eps]
(grfext)             \AppendGraphicsExtensions on input line 504.
 (c:/texlive/2022/texmf-dist/tex/latex/latexconfig/epstopdf-sys.cfg
File: epstopdf-sys.cfg 2010/07/13 v1.3 Configuration of (r)epstopdf for TeX Live
))) (c:/texlive/2022/texmf-dist/tex/latex/graphics/epsfig.sty
Package: epsfig 2017/06/25 v1.7b (e)psfig emulation (SPQR)
\epsfxsize=\dimen176
\epsfysize=\dimen177
) (c:/texlive/2022/texmf-dist/tex/latex/algorithms/algorithm.sty
Package: algorithm 2009/08/24 v0.1 Document Style `algorithm' - floating environment
 (c:/texlive/2022/texmf-dist/tex/latex/float/float.sty
Package: float 2001/11/08 v1.3d Float enhancements (AL)
\c@float@type=\count293
\float@exts=\toks25
\float@box=\box55
\@float@everytoks=\toks26
\@floatcapt=\box56
) (c:/texlive/2022/texmf-dist/tex/latex/base/ifthen.sty
Package: ifthen 2020/11/24 v1.1c Standard LaTeX ifthen package (DPC)
)
\@float@every@algorithm=\toks27
\c@algorithm=\count294
) (c:/texlive/2022/texmf-dist/tex/latex/algorithms/algorithmic.sty
Package: algorithmic 2009/08/24 v0.1 Document Style `algorithmic'
\c@ALC@unique=\count295
\c@ALC@line=\count296
\c@ALC@rem=\count297
\c@ALC@depth=\count298
\ALC@tlm=\skip56
\algorithmicindent=\skip57
) (c:/texlive/2022/texmf-dist/tex/latex/listings/listings.sty
\lst@mode=\count299
\lst@gtempboxa=\box57
\lst@token=\toks28
\lst@length=\count300
\lst@currlwidth=\dimen178
\lst@column=\count301
\lst@pos=\count302
\lst@lostspace=\dimen179
\lst@width=\dimen180
\lst@newlines=\count303
\lst@lineno=\count304
\lst@maxwidth=\dimen181
 (c:/texlive/2022/texmf-dist/tex/latex/listings/lstmisc.sty
File: lstmisc.sty 2020/03/24 1.8d (Carsten Heinz)
\c@lstnumber=\count305
\lst@skipnumbers=\count306
\lst@framebox=\box58
) (c:/texlive/2022/texmf-dist/tex/latex/listings/listings.cfg
File: listings.cfg 2020/03/24 1.8d listings configuration
))
Package: listings 2020/03/24 1.8d (Carsten Heinz)
 (c:/texlive/2022/texmf-dist/tex/latex/xcolor/xcolor.sty
Package: xcolor 2021/10/31 v2.13 LaTeX color extensions (UK)
 (c:/texlive/2022/texmf-dist/tex/latex/graphics-cfg/color.cfg
File: color.cfg 2016/01/02 v1.6 sample color configuration
)
Package xcolor Info: Driver file: pdftex.def on input line 227.
LaTeX Info: Redefining \color on input line 711.
Package xcolor Info: Model `cmy' substituted by `cmy0' on input line 1352.
Package xcolor Info: Model `hsb' substituted by `rgb' on input line 1356.
Package xcolor Info: Model `RGB' extended on input line 1368.
Package xcolor Info: Model `HTML' substituted by `rgb' on input line 1370.
Package xcolor Info: Model `Hsb' substituted by `hsb' on input line 1371.
Package xcolor Info: Model `tHsb' substituted by `hsb' on input line 1372.
Package xcolor Info: Model `HSB' substituted by `hsb' on input line 1373.
Package xcolor Info: Model `Gray' substituted by `gray' on input line 1374.
Package xcolor Info: Model `wave' substituted by `hsb' on input line 1375.
) (c:/texlive/2022/texmf-dist/tex/latex/tools/longtable.sty
Package: longtable 2021-09-01 v4.17 Multi-page Table package (DPC)
\LTleft=\skip58
\LTright=\skip59
\LTpre=\skip60
\LTpost=\skip61
\LTchunksize=\count307
\LTcapwidth=\dimen182
\LT@head=\box59
\LT@firsthead=\box60
\LT@foot=\box61
\LT@lastfoot=\box62
\LT@gbox=\box63
\LT@cols=\count308
\LT@rows=\count309
\c@LT@tables=\count310
\c@LT@chunks=\count311
\LT@p@ftn=\toks29
) (c:/texlive/2022/texmf-dist/tex/latex/subfigure/subfigure.sty
Package: subfigure 2002/03/15 v2.1.5 subfigure package
\subfigtopskip=\skip62
\subfigcapskip=\skip63
\subfigcaptopadj=\dimen183
\subfigbottomskip=\skip64
\subfigcapmargin=\dimen184
\subfiglabelskip=\skip65
\c@subfigure=\count312
\c@lofdepth=\count313
\c@subtable=\count314
\c@lotdepth=\count315

****************************************
* Local config file subfigure.cfg used *
****************************************
(c:/texlive/2022/texmf-dist/tex/latex/subfigure/subfigure.cfg)
\subfig@top=\skip66
\subfig@bottom=\skip67
) (c:/texlive/2022/texmf-dist/tex/latex/caption/caption.sty
Package: caption 2022/03/01 v3.6b Customizing captions (AR)
 (c:/texlive/2022/texmf-dist/tex/latex/caption/caption3.sty
Package: caption3 2022/03/17 v2.3b caption3 kernel (AR)
\caption@tempdima=\dimen185
\captionmargin=\dimen186
\caption@leftmargin=\dimen187
\caption@rightmargin=\dimen188
\caption@width=\dimen189
\caption@indent=\dimen190
\caption@parindent=\dimen191
\caption@hangindent=\dimen192
Package caption Info: Standard document class detected.
)
\c@caption@flags=\count316
\c@continuedfloat=\count317
Package caption Info: float package is loaded.
Package caption Info: listings package is loaded.
Package caption Info: longtable package is loaded.
 (c:/texlive/2022/texmf-dist/tex/latex/caption/ltcaption.sty
Package: ltcaption 2021/01/08 v1.4c longtable captions (AR)
)
Package caption Info: subfigure package is loaded.
) (c:/texlive/2022/texmf-dist/tex/latex/braket/braket.sty) (c:/texlive/2022/texmf-dist/tex/latex/cancel/cancel.sty
Package: cancel 2013/04/12 v2.2 Cancel math terms
) (c:/texlive/2022/texmf-dist/tex/latex/siunitx/siunitx.sty
Package: siunitx 2022-02-15 v3.0.49 A comprehensive (SI) units package
\l__siunitx_angle_tmp_dim=\dimen193
\l__siunitx_angle_marker_box=\box64
\l__siunitx_angle_unit_box=\box65
\l__siunitx_compound_count_int=\count318
 (c:/texlive/2022/texmf-dist/tex/latex/translations/translations.sty
Package: translations 2022/02/05 v1.12 internationalization of LaTeX2e packages (CN)
 (c:/texlive/2022/texmf-dist/tex/latex/etoolbox/etoolbox.sty
Package: etoolbox 2020/10/05 v2.5k e-TeX tools for LaTeX (JAW)
\etb@tempcnta=\count319
))
\l__siunitx_number_exponent_fixed_int=\count320
\l__siunitx_number_min_decimal_int=\count321
\l__siunitx_number_min_integer_int=\count322
\l__siunitx_number_round_precision_int=\count323
\l__siunitx_number_group_minimum_int=\count324
\l__siunitx_table_tmp_box=\box66
\l__siunitx_table_tmp_dim=\dimen194
\l__siunitx_table_column_width_dim=\dimen195
\l__siunitx_table_integer_box=\box67
\l__siunitx_table_decimal_box=\box68
\l__siunitx_table_before_box=\box69
\l__siunitx_table_after_box=\box70
\l__siunitx_table_before_dim=\dimen196
\l__siunitx_table_carry_dim=\dimen197
\l__siunitx_unit_tmp_int=\count325
\l__siunitx_unit_position_int=\count326
\l__siunitx_unit_total_int=\count327
 (c:/texlive/2022/texmf-dist/tex/latex/tools/array.sty
Package: array 2021/10/04 v2.5f Tabular extension package (FMi)
\col@sep=\dimen198
\ar@mcellbox=\box71
\extrarowheight=\dimen199
\NC@list=\toks30
\extratabsurround=\skip68
\backup@length=\skip69
\ar@cellbox=\box72
)) (c:/texlive/2022/texmf-dist/tex/latex/listings/lstlang1.sty
File: lstlang1.sty 2020/03/24 1.8d listings language file
) (c:/texlive/2022/texmf-dist/tex/latex/fancyhdr/fancyhdr.sty
Package: fancyhdr 2021/01/28 v4.0.1 Extensive control of page headers and footers
\f@nch@headwidth=\skip70
\f@nch@O@elh=\skip71
\f@nch@O@erh=\skip72
\f@nch@O@olh=\skip73
\f@nch@O@orh=\skip74
\f@nch@O@elf=\skip75
\f@nch@O@erf=\skip76
\f@nch@O@olf=\skip77
\f@nch@O@orf=\skip78
) (c:/texlive/2022/texmf-dist/tex/latex/hyperref/hyperref.sty
Package: hyperref 2022-02-21 v7.00n Hypertext links for LaTeX
 (c:/texlive/2022/texmf-dist/tex/generic/pdfescape/pdfescape.sty
Package: pdfescape 2019/12/09 v1.15 Implements pdfTeX's escape features (HO)
) (c:/texlive/2022/texmf-dist/tex/latex/hycolor/hycolor.sty
Package: hycolor 2020-01-27 v1.10 Color options for hyperref/bookmark (HO)
) (c:/texlive/2022/texmf-dist/tex/latex/letltxmacro/letltxmacro.sty
Package: letltxmacro 2019/12/03 v1.6 Let assignment for LaTeX macros (HO)
) (c:/texlive/2022/texmf-dist/tex/latex/auxhook/auxhook.sty
Package: auxhook 2019-12-17 v1.6 Hooks for auxiliary files (HO)
)
\@linkdim=\dimen256
\Hy@linkcounter=\count328
\Hy@pagecounter=\count329
 (c:/texlive/2022/texmf-dist/tex/latex/hyperref/pd1enc.def
File: pd1enc.def 2022-02-21 v7.00n Hyperref: PDFDocEncoding definition (HO)
Now handling font encoding PD1 ...
... no UTF-8 mapping file for font encoding PD1
) (c:/texlive/2022/texmf-dist/tex/generic/intcalc/intcalc.sty
Package: intcalc 2019/12/15 v1.3 Expandable calculations with integers (HO)
) (c:/texlive/2022/texmf-dist/tex/generic/etexcmds/etexcmds.sty
Package: etexcmds 2019/12/15 v1.7 Avoid name clashes with e-TeX commands (HO)
)
\Hy@SavedSpaceFactor=\count330
 (c:/texlive/2022/texmf-dist/tex/latex/hyperref/puenc.def
File: puenc.def 2022-02-21 v7.00n Hyperref: PDF Unicode definition (HO)
Now handling font encoding PU ...
... no UTF-8 mapping file for font encoding PU
)
Package hyperref Info: Option `unicode' set `true' on input line 4018.
Package hyperref Info: Hyper figures OFF on input line 4137.
Package hyperref Info: Link nesting OFF on input line 4142.
Package hyperref Info: Hyper index ON on input line 4145.
Package hyperref Info: Plain pages OFF on input line 4152.
Package hyperref Info: Backreferencing OFF on input line 4157.
Package hyperref Info: Implicit mode ON; LaTeX internals redefined.
Package hyperref Info: Bookmarks ON on input line 4390.
\c@Hy@tempcnt=\count331
LaTeX Info: Redefining \url on input line 4749.
\XeTeXLinkMargin=\dimen257
 (c:/texlive/2022/texmf-dist/tex/generic/bitset/bitset.sty
Package: bitset 2019/12/09 v1.3 Handle bit-vector datatype (HO)
 (c:/texlive/2022/texmf-dist/tex/generic/bigintcalc/bigintcalc.sty
Package: bigintcalc 2019/12/15 v1.5 Expandable calculations on big integers (HO)
))
\Fld@menulength=\count332
\Field@Width=\dimen258
\Fld@charsize=\dimen259
Package hyperref Info: Hyper figures OFF on input line 6027.
Package hyperref Info: Link nesting OFF on input line 6032.
Package hyperref Info: Hyper index ON on input line 6035.
Package hyperref Info: backreferencing OFF on input line 6042.
Package hyperref Info: Link coloring OFF on input line 6047.
Package hyperref Info: Link coloring with OCG OFF on input line 6052.
Package hyperref Info: PDF/A mode OFF on input line 6057.
LaTeX Info: Redefining \ref on input line 6097.
LaTeX Info: Redefining \pageref on input line 6101.
 (c:/texlive/2022/texmf-dist/tex/latex/base/atbegshi-ltx.sty
Package: atbegshi-ltx 2021/01/10 v1.0c Emulation of the original atbegshi
package with kernel methods
)
\Hy@abspage=\count333
\c@Item=\count334
\c@Hfootnote=\count335
)
Package hyperref Info: Driver (autodetected): hpdftex.
 (c:/texlive/2022/texmf-dist/tex/latex/hyperref/hpdftex.def
File: hpdftex.def 2022-02-21 v7.00n Hyperref driver for pdfTeX
 (c:/texlive/2022/texmf-dist/tex/latex/base/atveryend-ltx.sty
Package: atveryend-ltx 2020/08/19 v1.0a Emulation of the original atveryend package
with kernel methods
)
\Fld@listcount=\count336
\c@bookmark@seq@number=\count337
 (c:/texlive/2022/texmf-dist/tex/latex/rerunfilecheck/rerunfilecheck.sty
Package: rerunfilecheck 2019/12/05 v1.9 Rerun checks for auxiliary files (HO)
 (c:/texlive/2022/texmf-dist/tex/generic/uniquecounter/uniquecounter.sty
Package: uniquecounter 2019/12/15 v1.4 Provide unlimited unique counter (HO)
)
Package uniquecounter Info: New unique counter `rerunfilecheck' on input line 286.
)
\Hy@SectionHShift=\skip79
)
Package hyperref Info: Option `colorlinks' set `true' on input line 105.


Package hyperref Warning: Option `bookmarks' has already been used,
(hyperref)                setting the option has no effect on input line 105.

Package hyperref Info: Option `unicode' set `true' on input line 105.
(c:/texlive/2022/texmf-dist/tex/latex/cjk/texinput/UTF8/UTF8.bdg
File: UTF8.bdg 2021/10/16 4.8.5
) (c:/texlive/2022/texmf-dist/tex/latex/cjk/texinput/UTF8/UTF8.enc
File: UTF8.enc 2021/10/16 4.8.5
) (c:/texlive/2022/texmf-dist/tex/latex/cjk/texinput/UTF8/UTF8.chr
File: UTF8.chr 2021/10/16 4.8.5
)

LaTeX Warning: Unused global option(s):
    [1pt].

(./condensed-matter-physics-cheat-sheet.aux)
\openout1 = `condensed-matter-physics-cheat-sheet.aux'.

LaTeX Font Info:    Checking defaults for OML/cmm/m/it on input line 107.
LaTeX Font Info:    ... okay on input line 107.
LaTeX Font Info:    Checking defaults for OMS/cmsy/m/n on input line 107.
LaTeX Font Info:    ... okay on input line 107.
LaTeX Font Info:    Checking defaults for OT1/cmr/m/n on input line 107.
LaTeX Font Info:    ... okay on input line 107.
LaTeX Font Info:    Checking defaults for T1/cmr/m/n on input line 107.
LaTeX Font Info:    ... okay on input line 107.
LaTeX Font Info:    Checking defaults for TS1/cmr/m/n on input line 107.
LaTeX Font Info:    ... okay on input line 107.
LaTeX Font Info:    Checking defaults for OMX/cmex/m/n on input line 107.
LaTeX Font Info:    ... okay on input line 107.
LaTeX Font Info:    Checking defaults for U/cmr/m/n on input line 107.
LaTeX Font Info:    ... okay on input line 107.
LaTeX Font Info:    Checking defaults for C00/song/m/n on input line 107.
LaTeX Font Info:    ... okay on input line 107.
LaTeX Font Info:    Checking defaults for C05/song/m/n on input line 107.
LaTeX Font Info:    ... okay on input line 107.
LaTeX Font Info:    Checking defaults for C09/song/m/n on input line 107.
LaTeX Font Info:    ... okay on input line 107.
LaTeX Font Info:    Checking defaults for C10/song/m/n on input line 107.
LaTeX Font Info:    ... okay on input line 107.
LaTeX Font Info:    Checking defaults for C20/song/m/n on input line 107.
LaTeX Font Info:    ... okay on input line 107.
LaTeX Font Info:    Checking defaults for C19/song/m/n on input line 107.
LaTeX Font Info:    ... okay on input line 107.
LaTeX Font Info:    Checking defaults for C40/song/m/n on input line 107.
LaTeX Font Info:    ... okay on input line 107.
LaTeX Font Info:    Checking defaults for C42/song/m/n on input line 107.
LaTeX Font Info:    ... okay on input line 107.
LaTeX Font Info:    Checking defaults for C43/song/m/n on input line 107.
LaTeX Font Info:    ... okay on input line 107.
LaTeX Font Info:    Checking defaults for C50/song/m/n on input line 107.
LaTeX Font Info:    ... okay on input line 107.
LaTeX Font Info:    Checking defaults for C52/song/m/n on input line 107.
LaTeX Font Info:    ... okay on input line 107.
LaTeX Font Info:    Checking defaults for C49/song/m/n on input line 107.
LaTeX Font Info:    ... okay on input line 107.
LaTeX Font Info:    Checking defaults for C60/mj/m/n on input line 107.
LaTeX Font Info:    ... okay on input line 107.
LaTeX Font Info:    Checking defaults for C61/mj/m/n on input line 107.
LaTeX Font Info:    ... okay on input line 107.
LaTeX Font Info:    Checking defaults for C63/mj/m/n on input line 107.
LaTeX Font Info:    ... okay on input line 107.
LaTeX Font Info:    Checking defaults for C64/mj/m/n on input line 107.
LaTeX Font Info:    ... okay on input line 107.
LaTeX Font Info:    Checking defaults for C65/mj/m/n on input line 107.
LaTeX Font Info:    ... okay on input line 107.
LaTeX Font Info:    Checking defaults for C70/song/m/n on input line 107.
LaTeX Font Info:    ... okay on input line 107.
LaTeX Font Info:    Checking defaults for C31/song/m/n on input line 107.
LaTeX Font Info:    ... okay on input line 107.
LaTeX Font Info:    Checking defaults for C32/song/m/n on input line 107.
LaTeX Font Info:    ... okay on input line 107.
LaTeX Font Info:    Checking defaults for C33/song/m/n on input line 107.
LaTeX Font Info:    ... okay on input line 107.
LaTeX Font Info:    Checking defaults for C34/song/m/n on input line 107.
LaTeX Font Info:    ... okay on input line 107.
LaTeX Font Info:    Checking defaults for C35/song/m/n on input line 107.
LaTeX Font Info:    ... okay on input line 107.
LaTeX Font Info:    Checking defaults for C36/song/m/n on input line 107.
LaTeX Font Info:    ... okay on input line 107.
LaTeX Font Info:    Checking defaults for C37/song/m/n on input line 107.
LaTeX Font Info:    ... okay on input line 107.
LaTeX Font Info:    Checking defaults for C80/song/m/n on input line 107.
LaTeX Font Info:    ... okay on input line 107.
LaTeX Font Info:    Checking defaults for C81/song/m/n on input line 107.
LaTeX Font Info:    ... okay on input line 107.
LaTeX Font Info:    Checking defaults for C01/song/m/n on input line 107.
LaTeX Font Info:    ... okay on input line 107.
LaTeX Font Info:    Checking defaults for C11/song/m/n on input line 107.
LaTeX Font Info:    ... okay on input line 107.
LaTeX Font Info:    Checking defaults for C21/song/m/n on input line 107.
LaTeX Font Info:    ... okay on input line 107.
LaTeX Font Info:    Checking defaults for C41/song/m/n on input line 107.
LaTeX Font Info:    ... okay on input line 107.
LaTeX Font Info:    Checking defaults for C62/song/m/n on input line 107.
LaTeX Font Info:    ... okay on input line 107.
LaTeX Font Info:    Checking defaults for PD1/pdf/m/n on input line 107.
LaTeX Font Info:    ... okay on input line 107.
LaTeX Font Info:    Checking defaults for PU/pdf/m/n on input line 107.
LaTeX Font Info:    ... okay on input line 107.

*geometry* driver: auto-detecting
*geometry* detected driver: pdftex
*geometry* verbose mode - [ preamble ] result:
* driver: pdftex
* paper: a4paper
* layout: <same size as paper>
* layoutoffset:(h,v)=(0.0pt,0.0pt)
* modes: 
* h-part:(L,W,R)=(0.0pt, 540.60237pt, 56.9055pt)
* v-part:(T,H,B)=(5.69046pt, 833.66592pt, 5.69046pt)
* \paperwidth=597.50787pt
* \paperheight=845.04684pt
* \textwidth=540.60237pt
* \textheight=833.66592pt
* \oddsidemargin=-72.26999pt
* \evensidemargin=-72.26999pt
* \topmargin=-103.57953pt
* \headheight=12.0pt
* \headsep=25.0pt
* \topskip=10.0pt
* \footskip=30.0pt
* \marginparwidth=4.0pt
* \marginparsep=10.0pt
* \columnsep=10.0pt
* \skip\footins=9.0pt plus 4.0pt minus 2.0pt
* \hoffset=0.0pt
* \voffset=0.0pt
* \mag=1000
* \@twocolumntrue
* \@twosidefalse
* \@mparswitchfalse
* \@reversemarginfalse
* (1in=72.27pt=25.4mm, 1cm=28.453pt)

(c:/texlive/2022/texmf-dist/tex/context/base/mkii/supp-pdf.mkii
[Loading MPS to PDF converter (version 2006.09.02).]
\scratchcounter=\count338
\scratchdimen=\dimen260
\scratchbox=\box73
\nofMPsegments=\count339
\nofMParguments=\count340
\everyMPshowfont=\toks31
\MPscratchCnt=\count341
\MPscratchDim=\dimen261
\MPnumerator=\count342
\makeMPintoPDFobject=\count343
\everyMPtoPDFconversion=\toks32
)
\c@lstlisting=\count344
Package caption Info: Begin \AtBeginDocument code.
Package caption Info: hyperref package is loaded.
Package caption Info: End \AtBeginDocument code.
 (c:/texlive/2022/texmf-dist/tex/latex/translations/translations-basic-dictionary-english.trsl
File: translations-basic-dictionary-english.trsl (english translation file `translations-basic-dictionary')
)
Package translations Info: loading dictionary `translations-basic-dictionary' for `english'. on input line 107.
Package hyperref Info: Link coloring ON on input line 107.
 (c:/texlive/2022/texmf-dist/tex/latex/hyperref/nameref.sty
Package: nameref 2021-04-02 v2.47 Cross-referencing by name of section
 (c:/texlive/2022/texmf-dist/tex/latex/refcount/refcount.sty
Package: refcount 2019/12/15 v3.6 Data extraction from label references (HO)
) (c:/texlive/2022/texmf-dist/tex/generic/gettitlestring/gettitlestring.sty
Package: gettitlestring 2019/12/15 v1.6 Cleanup title references (HO)
)
\c@section@level=\count345
)
LaTeX Info: Redefining \ref on input line 107.
LaTeX Info: Redefining \pageref on input line 107.
LaTeX Info: Redefining \nameref on input line 107.
 (./condensed-matter-physics-cheat-sheet.out) (./condensed-matter-physics-cheat-sheet.out)
\@outlinefile=\write3
\openout3 = `condensed-matter-physics-cheat-sheet.out'.

LaTeX Font Info:    Trying to load font information for C70+rm on input line 122.
 (c:/texlive/2022/texmf-dist/tex/latex/ctex/fd/c70rm.fd
File: c70rm.fd 2021/12/12 v2.5.8 Chinese font definition (CTEX)
)
LaTeX Font Info:    Trying to load font information for U+msa on input line 124.
 (c:/texlive/2022/texmf-dist/tex/latex/amsfonts/umsa.fd
File: umsa.fd 2013/01/14 v3.01 AMS symbols A
)
LaTeX Font Info:    Trying to load font information for U+msb on input line 124.
 (c:/texlive/2022/texmf-dist/tex/latex/amsfonts/umsb.fd
File: umsb.fd 2013/01/14 v3.01 AMS symbols B
)
Underfull \hbox (badness 4726) in paragraph at lines 145--147
[]\C70/rm/bx/n/10.53937/4e $ \C70/rm/bx/n/10.53937/79 Õ \C70/rm/bx/n/10.53937/63 ^^G \C70/rm/bx/n/10.53937/68 ^^G \C70/rm/m/n/10.53937/8b æ \C70/rm/m/n/10.53937/66 v \C70/rm/m/n/10.53937/97 b \C70/rm/m/n/10.53937/62 * \C70/rm/m/n/10.53937/8d › \C70/rm/m/n/10.53937/4e :$\OML/cmm/m/it/10.53937 a[]; a[]; a[]$\OT1/cmr/m/n/10.53937 (1)$(\OML/cmm/m/it/10.53937 a[]; a[]; a[]\OT1/cmr/m/n/10.53937 )$;
 []


Underfull \hbox (badness 2512) in paragraph at lines 150--155
[]\C70/rm/bx/n/10.53937/50 ^^R \C70/rm/bx/n/10.53937/68 < \C70/rm/bx/n/10.53937/5b P \C70/rm/bx/n/10.53937/52 ^^] \C70/rm/bx/n/10.53937/57 ˙ \C70/rm/bx/n/10.53937/5e s \C70/rm/bx/n/10.53937/79 ˚ \C70/rm/bx/n/10.53937/77 ‚ \C70/rm/bx/n/10.53937/91 œ $[] \OT1/cmr/m/n/10.53937 = 2\OML/cmm/m/it/10.53937 ^^Y[]$\OT1/cmr/m/n/10.53937 , $[] =
 []


Underfull \hbox (badness 1831) in paragraph at lines 161--167
\C70/rm/m/n/10.53937/51 v \C70/rm/m/n/10.53937/4e -$\OML/cmm/m/it/10.53937 f[] \OT1/cmr/m/n/10.53937 = [] \OML/cmm/m/it/10.53937 dVn[]\OT1/cmr/m/n/10.53937 ([])\OML/cmm/m/it/10.53937 e[]$\OT1/cmr/m/n/10.53937 . eg1.bcc$&$$(0\OML/cmm/m/it/10.53937 ; \OT1/cmr/m/n/10.53937 0\OML/cmm/m/it/10.53937 ; \OT1/cmr/m/n/10.53937 0) +
 []


Underfull \hbox (badness 10000) in paragraph at lines 161--167
\OT1/cmr/m/n/10.53937 ([]\OML/cmm/m/it/10.53937 ; []; []\OT1/cmr/m/n/10.53937 )\OML/cmm/m/it/10.53937 ; S\OT1/cmr/m/n/10.53937 (\OML/cmm/m/it/10.53937 v[]; v[]; v[]\OT1/cmr/m/n/10.53937 ) = \OML/cmm/m/it/10.53937 f\OT1/cmr/m/n/10.53937 (1 + \OML/cmm/m/it/10.53937 e[]\OT1/cmr/m/n/10.53937 )$;
 []


Underfull \hbox (badness 4279) in paragraph at lines 161--167
\OT1/cmr/m/n/10.53937 eg2.fcc$&$$(0\OML/cmm/m/it/10.53937 ; \OT1/cmr/m/n/10.53937 0\OML/cmm/m/it/10.53937 ; \OT1/cmr/m/n/10.53937 0) + (0\OML/cmm/m/it/10.53937 ; []; []\OT1/cmr/m/n/10.53937 ) + ([]\OML/cmm/m/it/10.53937 ; \OT1/cmr/m/n/10.53937 0\OML/cmm/m/it/10.53937 ; []\OT1/cmr/m/n/10.53937 ) + ([]\OML/cmm/m/it/10.53937 ; []; \OT1/cmr/m/n/10.53937 0)$,
 []


Underfull \hbox (badness 1590) in paragraph at lines 161--167
\OML/cmm/m/it/10.53937 S\OT1/cmr/m/n/10.53937 (\OML/cmm/m/it/10.53937 v[]; v[]; v[]\OT1/cmr/m/n/10.53937 ) = \OML/cmm/m/it/10.53937 f\OMS/cmsy/m/n/10.53937 f\OT1/cmr/m/n/10.53937 1 + \OML/cmm/m/it/10.53937 e[] \OT1/cmr/m/n/10.53937 + \OML/cmm/m/it/10.53937 e[] \OT1/cmr/m/n/10.53937 +
 []


Underfull \hbox (badness 6300) in paragraph at lines 175--193
\C70/rm/m/n/10.53937/82 r \C70/rm/m/n/10.53937/65 c \C70/rm/m/n/10.53937/51 s \C70/rm/m/n/10.53937/7c ˚\OT1/cmr/m/n/10.53937 :$\OML/cmm/m/it/10.53937 w[] \OT1/cmr/m/n/10.53937 = (2\OML/cmm/m/it/10.53937 C=M\OT1/cmr/m/n/10.53937 )(1 \OMS/cmsy/m/n/10.53937 ^^@ [] []\OT1/cmr/m/n/10.53937 ); \OML/cmm/m/it/10.53937 w[] \OT1/cmr/m/n/10.53937 =
 []


Underfull \hbox (badness 3815) in paragraph at lines 175--193
\OML/cmm/m/it/10.53937 ve[]e[]$\OT1/cmr/m/n/10.53937 ,\C70/rm/m/n/10.53937/88 L \C70/rm/m/n/10.53937/52 ^^W \C70/rm/m/n/10.53937/5f ^^O \C70/rm/m/n/10.53937/7c ˚ \C70/rm/m/n/10.53937/65 p \C70/rm/m/n/10.53937/4e :\OT1/cmr/m/n/10.53937 0:$\OML/cmm/m/it/10.53937 M[]M[]w[] \OMS/cmsy/m/n/10.53937 ^^@ \OT1/cmr/m/n/10.53937 2\OML/cmm/m/it/10.53937 C\OT1/cmr/m/n/10.53937 (\OML/cmm/m/it/10.53937 M[] \OT1/cmr/m/n/10.53937 +
 []


Underfull \hbox (badness 2617) in paragraph at lines 175--193
\OT1/cmr/m/n/10.53937 1$): \C70/rm/m/n/10.53937/51 I \C70/rm/m/n/10.53937/5b f \C70/rm/m/n/10.53937/65 /$\OML/cmm/m/it/10.53937 w[] \OT1/cmr/m/n/10.53937 = 2\OML/cmm/m/it/10.53937 C\OT1/cmr/m/n/10.53937 ([] + [])$,\C70/rm/m/n/10.53937/58  \C70/rm/m/n/10.53937/5b f \C70/rm/m/n/10.53937/65 /$\OML/cmm/m/it/10.53937 w[] \OT1/cmr/m/n/10.53937 =
 []


Underfull \hbox (badness 2846) in paragraph at lines 175--193
[] \OT1/cmr/m/n/10.53937 + []$, $[]$\C70/rm/m/n/10.53937/66 / \C70/rm/m/n/10.53937/50 ^^R \C70/rm/m/n/10.53937/68 < \C70/rm/m/n/10.53937/77 ‚\OT1/cmr/m/n/10.53937 ; (4)\C70/rm/m/n/10.53937/58  \C70/rm/m/n/10.53937/5b P \C70/rm/m/n/10.53937/80 ˝ \C70/rm/m/n/10.53937/91 œ\OT1/cmr/m/n/10.53937 :$\OML/cmm/m/it/10.53937 ^^O \OT1/cmr/m/n/10.53937 = (\OML/cmm/m/it/10.53937 n \OT1/cmr/m/n/10.53937 +
 []


Underfull \hbox (badness 1152) in paragraph at lines 175--193
[] \OMS/cmsy/m/n/10.53937 ^^@ []\OT1/cmr/m/n/10.53937 (\OML/cmm/m/it/10.53937 ![] \OT1/cmr/m/n/10.53937 = []\OMS/cmsy/m/n/10.53937 j [] []j\OT1/cmr/m/n/10.53937 )$ \C70/rm/m/n/10.53937/5f ^^[ \C70/rm/m/n/10.53937/8c k \C70/rm/m/n/10.53937/65 ˆ
 []


Underfull \hbox (badness 4181) in paragraph at lines 194--205
[]\C70/rm/bx/n/10.53937/70 Ì \C70/rm/bx/n/10.53937/5b f \C70/rm/bx/n/10.53937/57 ˙ \C70/rm/bx/n/10.53937/78 @ \OT1/cmr/m/n/10.53937 (0)\C70/rm/m/n/10.53937/5b ö π \C70/rm/m/n/10.53937/70 Ì \C70/rm/m/n/10.53937/5b π$\OML/cmm/m/it/10.53937 C[] \OT1/cmr/m/n/10.53937 = ([])[]$, \C70/rm/m/n/10.53937/58  \C70/rm/m/n/10.53937/5b P \C70/rm/m/n/10.53937/6e )
 []


Underfull \hbox (badness 5274) in paragraph at lines 194--205
\C70/rm/m/n/10.53937/5e ¶$\OML/cmm/m/it/10.53937 ^^\ \OT1/cmr/m/n/10.53937 = \OML/cmm/m/it/10.53937 k[]T$\OT1/cmr/m/n/10.53937 , \C70/rm/m/n/10.53937/66 v \C70/rm/m/n/10.53937/68 < \C70/rm/m/n/10.53937/51 Ö \C70/rm/m/n/10.53937/80 ˝$\OML/cmm/m/it/10.53937 U[] [][] [][]\OMS/cmsy/m/n/10.53937 h\OML/cmm/m/it/10.53937 n[]\OMS/cmsy/m/n/10.53937 i\U/msb/m/n/10.53937 ~\OML/cmm/m/it/10.53937 ![]$
 []


Underfull \hbox (badness 10000) in paragraph at lines 194--205
\OT1/cmr/m/n/10.53937 (1)\C70/rm/m/n/10.53937/66 n \C70/rm/m/n/10.53937/67 ^^W \C70/rm/m/n/10.53937/51 K \C70/rm/m/n/10.53937/52 ^^F \C70/rm/m/n/10.53937/5e ^^C$\OMS/cmsy/m/n/10.53937 h\OML/cmm/m/it/10.53937 n\OMS/cmsy/m/n/10.53937 i \OT1/cmr/m/n/10.53937 = []$ (2)$\OML/cmm/m/it/10.53937 U \OT1/cmr/m/n/10.53937 =
 []


Underfull \hbox (badness 10000) in paragraph at lines 194--205
[][] [][] [] \OT1/cmr/m/n/10.53937 = [][] [] \OML/cmm/m/it/10.53937 d!D[]\OT1/cmr/m/n/10.53937 (\OML/cmm/m/it/10.53937 !\OT1/cmr/m/n/10.53937 )[]$,
 []


Underfull \hbox (badness 2343) in paragraph at lines 194--205
\OML/cmm/m/it/10.53937 C[] \OT1/cmr/m/n/10.53937 = \OML/cmm/m/it/10.53937 k[] [][] [] d!D[]\OT1/cmr/m/n/10.53937 (\OML/cmm/m/it/10.53937 !\OT1/cmr/m/n/10.53937 )[]$($\OML/cmm/m/it/10.53937 x \OT1/cmr/m/n/10.53937 = \U/msb/m/n/10.53937 ~\OML/cmm/m/it/10.53937 !=^^\ \OT1/cmr/m/n/10.53937 =
 []


Underfull \hbox (badness 6300) in paragraph at lines 194--205
\C70/rm/m/n/10.53937/4e * \C70/rm/m/n/10.53937/95 Ù \C70/rm/m/n/10.53937/96 î$\OT1/cmr/m/n/10.53937 ^^A\OML/cmm/m/it/10.53937 K \OT1/cmr/m/n/10.53937 = []$\C70/rm/m/n/10.53937/51 Ö \C70/rm/m/n/10.53937/4e ^^@ * \C70/rm/m/n/10.53937/6a ! \C70/rm/m/n/10.53937/5f ^^O\OT1/cmr/m/n/10.53937 ,\C70/rm/m/n/10.53937/6b œ \C70/rm/m/n/10.53937/4e *$\OML/cmm/m/it/10.53937 K$\C70/rm/m/n/10.53937/4e 	 * \C70/rm/m/n/10.53937/50 O \C70/rm/m/n/10.53937/63 /
 []


Underfull \hbox (badness 1939) in paragraph at lines 194--205
\C70/rm/m/n/10.53937/60 ^^A\OT1/cmr/m/n/10.53937 (\C70/rm/m/n/10.53937/4e $ \C70/rm/m/n/10.53937/6a * \C70/rm/m/n/10.53937/4e ^^@ \C70/rm/m/n/10.53937/7e µ\OT1/cmr/m/n/10.53937 )$\OML/cmm/m/it/10.53937 D\OT1/cmr/m/n/10.53937 (\OML/cmm/m/it/10.53937 !\OT1/cmr/m/n/10.53937 )\OML/cmm/m/it/10.53937 d! \OT1/cmr/m/n/10.53937 = [][]\OML/cmm/m/it/10.53937 d! \OT1/cmr/m/n/10.53937 = [][]$(\C70/rm/m/n/10.53937/82 r
 []


Underfull \hbox (badness 3965) in paragraph at lines 194--205
\C70/rm/m/n/10.53937/65 c \C70/rm/m/n/10.53937/51 s \C70/rm/m/n/10.53937/7c ˚$\OML/cmm/m/it/10.53937 !\OT1/cmr/m/n/10.53937 (\OML/cmm/m/it/10.53937 K\OT1/cmr/m/n/10.53937 )$) (4)\C70/rm/m/n/10.53937/4e 	 \C70/rm/m/n/10.53937/7e Ù$\OML/cmm/m/it/10.53937 D\OT1/cmr/m/n/10.53937 (\OML/cmm/m/it/10.53937 !\OT1/cmr/m/n/10.53937 )$:$\OMS/cmsy/m/n/10.53937 8\OML/cmm/m/it/10.53937 i; K[] \OT1/cmr/m/n/10.53937 = \OMS/cmsy/m/n/10.53937 ^^F[]$\OT1/cmr/m/n/10.53937 ,$[]$\C70/rm/m/n/10.53937/53 U
 []


Underfull \hbox (badness 1803) in paragraph at lines 194--205
\C70/rm/m/n/10.53937/4f M S \C70/rm/m/n/10.53937/79 Ô \C70/rm/m/n/10.53937/51 Ö \C70/rm/m/n/10.53937/6a ! \C70/rm/m/n/10.53937/5f ^^O \C70/rm/m/n/10.53937/65 p$\OT1/cmr/m/n/10.53937 ([])[] = []$, \C70/rm/m/n/10.53937/6b œ \C70/rm/m/n/10.53937/79 Õ \C70/rm/m/n/10.53937/50 O \C70/rm/m/n/10.53937/63 / \C70/rm/m/n/10.53937/6a ! \C70/rm/m/n/10.53937/5f ^^O \C70/rm/m/n/10.53937/60 ;
 []


LaTeX Warning: Command \r invalid in math mode on input line 213.


LaTeX Warning: Command \r invalid in math mode on input line 229.


Underfull \hbox (badness 3679) in paragraph at lines 206--231
[]\C70/rm/bx/n/10.53937/5f ∑ \C70/rm/bx/n/10.53937/62 ‹ \C70/rm/bx/n/10.53937/6a ! \C70/rm/bx/n/10.53937/57 ã \OT1/cmr/m/n/10.53937 (0)\C70/rm/m/n/10.53937/77 Û \C70/rm/m/n/10.53937/58 ® \C70/rm/m/n/10.53937/70 Ô \C70/rm/m/n/10.53937/6a ! \C70/rm/m/n/10.53937/57 ã\OT1/cmr/m/n/10.53937 (2D). C-C\C70/rm/m/n/10.53937/8d › \C70/rm/m/n/10.53937/79 ª$\OML/cmm/m/it/10.53937 d$\OT1/cmr/m/n/10.53937 ,\C70/rm/m/n/10.53937/58  \C70/rm/m/n/10.53937/90 ^^_$\OML/cmm/m/it/10.53937 v$\OT1/cmr/m/n/10.53937 ,
 []


Underfull \hbox (badness 1137) in paragraph at lines 206--231
\C70/rm/m/n/10.53937/66 v \C70/rm/m/n/10.53937/68 < \C70/rm/m/n/10.53937/5e 8 \C70/rm/m/n/10.53937/65 p$\OML/cmm/m/it/10.53937 a \OT1/cmr/m/n/10.53937 = []\OML/cmm/m/it/10.53937 d$\OT1/cmr/m/n/10.53937 , \C70/rm/m/n/10.53937/53 ü \C70/rm/m/n/10.53937/80 ﬁ \C70/rm/m/n/10.53937/97 b \C70/rm/m/n/10.53937/79 Ô$\OML/cmm/m/it/10.53937 A \OT1/cmr/m/n/10.53937 = []$, \C70/rm/m/n/10.53937/5f ∑ \C70/rm/m/n/10.53937/62 ‹
 []


Underfull \hbox (badness 10000) in paragraph at lines 206--231
[][] \OML/cmm/m/it/10.53937 d!\OT1/cmr/m/n/10.53937 ([])([])$, \C70/rm/m/n/10.53937/60 ; \C70/rm/m/n/10.53937/51 Ö \C70/rm/m/n/10.53937/80 ˝$\OML/cmm/m/it/10.53937 U \OT1/cmr/m/n/10.53937 = 3\OML/cmm/m/it/10.53937 U[] \OT1/cmr/m/n/10.53937 =
 []


Underfull \hbox (badness 10000) in paragraph at lines 206--231
[] [][] \OML/cmm/m/it/10.53937 d![]$ $\OT1/cmr/m/n/10.53937 = [] [][] \OML/cmm/m/it/10.53937 dx[]$\OT1/cmr/m/n/10.53937 (\C70/rm/m/n/10.53937/51 v
 []


Underfull \hbox (badness 1917) in paragraph at lines 206--231
\C70/rm/m/n/10.53937/4e -$\OML/cmm/m/it/10.53937 x \OT1/cmr/m/n/10.53937 = \U/msb/m/n/10.53937 ~\OML/cmm/m/it/10.53937 !=^^\$\OT1/cmr/m/n/10.53937 ,$\OML/cmm/m/it/10.53937 x[] \OT1/cmr/m/n/10.53937 = \U/msb/m/n/10.53937 ~\OML/cmm/m/it/10.53937 ![]=^^\ \OT1/cmr/m/n/10.53937 = \OML/cmm/m/it/10.53937 ^^R=T$\OT1/cmr/m/n/10.53937 ), \C70/rm/m/n/10.53937/5f ∑ \C70/rm/m/n/10.53937/62 ‹ \C70/rm/m/n/10.53937/6e )
 []


Underfull \hbox (badness 1817) in paragraph at lines 206--231
\C70/rm/m/n/10.53937/5e ¶$\OML/cmm/m/it/10.53937 ^^R \OT1/cmr/m/n/10.53937 = []([])[]$,$\OML/cmm/m/it/10.53937 U \OT1/cmr/m/n/10.53937 = 9\OML/cmm/m/it/10.53937 Nk[]T\OT1/cmr/m/n/10.53937 ([])[] [][] \OML/cmm/m/it/10.53937 dx[]$
 []


Underfull \hbox (badness 10000) in paragraph at lines 206--231
\OT1/cmr/m/n/10.53937 e.g.\C70/rm/m/n/10.53937/91 — \C70/rm/m/n/10.53937/52 ^^Z \C70/rm/m/n/10.53937/77 Û \C70/rm/m/n/10.53937/6a ! \C70/rm/m/n/10.53937/57 ã\OT1/cmr/m/n/10.53937 (3D) C-C\C70/rm/m/n/10.53937/8d › \C70/rm/m/n/10.53937/79 ª$\OML/cmm/m/it/10.53937 d$\OT1/cmr/m/n/10.53937 ,\C70/rm/m/n/10.53937/58  \C70/rm/m/n/10.53937/90 ^^_$\OML/cmm/m/it/10.53937 v$\OT1/cmr/m/n/10.53937 , \C70/rm/m/n/10.53937/66 v \C70/rm/m/n/10.53937/68 <
 []


Underfull \hbox (badness 2368) in paragraph at lines 206--231
\C70/rm/m/n/10.53937/5e 8 \C70/rm/m/n/10.53937/65 p$\OML/cmm/m/it/10.53937 a \OT1/cmr/m/n/10.53937 = 4\OML/cmm/m/it/10.53937 d=[]$\OT1/cmr/m/n/10.53937 , \C70/rm/m/n/10.53937/53 ü \C70/rm/m/n/10.53937/80 ﬁ \C70/rm/m/n/10.53937/4f S \C70/rm/m/n/10.53937/79 Ô$\OT1/cmr/m/n/10.53937 
 = []$, \C70/rm/m/n/10.53937/5f ∑ \C70/rm/m/n/10.53937/62 ‹ \C70/rm/m/n/10.53937/6c ‚
 []


Underfull \hbox (badness 1137) in paragraph at lines 206--231
\OT1/cmr/m/n/10.53937 (\OML/cmm/m/it/10.53937 ^^R[]\OMS/cmsy/m/n/10.53937 j[] \OT1/cmr/m/n/10.53937 = 2\OML/cmm/m/it/10.53937 :\OT1/cmr/m/n/10.53937 13 \OMS/cmsy/m/n/10.53937 ^^B \OT1/cmr/m/n/10.53937 10[]\OML/cmm/m/it/10.53937 K\OT1/cmr/m/n/10.53937 )$ (2)\C70/rm/m/n/10.53937/5f ∑ \C70/rm/m/n/10.53937/62 ‹ \C70/rm/m/n/10.53937/6a ! \C70/rm/m/n/10.53937/57 ã \C70/rm/m/n/10.53937/4f N \C70/rm/m/n/10.53937/6e ) \C70/rm/m/n/10.53937/67 Å
 []


Underfull \hbox (badness 10000) in paragraph at lines 237--245
[]\C70/rm/bx/n/10.53937/58  \C70/rm/bx/n/10.53937/5b P \C70/rm/bx/n/10.53937/70 Ì \C70/rm/bx/n/10.53937/5b f \OT1/cmr/m/n/10.53937 (1)\C70/rm/bx/n/10.53937/60 ^^A \C70/rm/bx/n/10.53937/5b ∆ \C70/rm/bx/n/10.53937/5e ¶$\OML/cmm/m/it/10.53937 D\OT1/cmr/m/n/10.53937 (\OML/cmm/m/it/10.53937 !\OT1/cmr/m/n/10.53937 )$\C70/rm/m/n/10.53937/4e ^^@ \C70/rm/m/n/10.53937/82 , \C70/rm/m/n/10.53937/5f b ^^O\OT1/cmr/m/n/10.53937 :$\OML/cmm/m/it/10.53937 D\OT1/cmr/m/n/10.53937 (\OML/cmm/m/it/10.53937 !\OT1/cmr/m/n/10.53937 ) =
 []


Underfull \hbox (badness 5504) in paragraph at lines 237--245
[] [][] []$ \OT1/cmr/m/n/10.53937 (2)\C70/rm/m/n/10.53937/97 ^ \C70/rm/m/n/10.53937/8c ^^P \C70/rm/m/n/10.53937/4f \ \C70/rm/m/n/10.53937/75 (\OT1/cmr/m/n/10.53937 ($\OML/cmm/m/it/10.53937 U\OT1/cmr/m/n/10.53937 (\OML/cmm/m/it/10.53937 x\OT1/cmr/m/n/10.53937 ) = \OML/cmm/m/it/10.53937 cx[] \OMS/cmsy/m/n/10.53937 ^^@
 []


Underfull \hbox (badness 1189) in paragraph at lines 237--245
[] \OML/cmm/m/it/10.53937 dxxe[] \U/msb/m/n/10.53937 u \OT1/cmr/m/n/10.53937 ([])([])\OML/cmm/m/it/10.53937 ^^L[]; [] dxe[] \U/msb/m/n/10.53937 u \OT1/cmr/m/n/10.53937 ([])[]$,
 []

(c:/texlive/2022/texmf-dist/tex/generic/ctex/zhmap/ctex-zhmap-windows.tex
File: ctex-zhmap-windows.tex 2021/12/12 v2.5.8 Windows font map loader for pdfTeX and DVIPDFMx (CTEX)
{c:/texlive/2022/texmf-var/fonts/map/pdftex/updmap/pdftex.map}{UGBK.sfd}{Unicode.sfd}) [1

]
Underfull \hbox (badness 1112) in paragraph at lines 246--285
\OT1/cmr/m/n/10.53937 F\C70/rm/m/n/10.53937/80 ˝$\OML/cmm/m/it/10.53937 ^^O[] \OT1/cmr/m/n/10.53937 = []\OML/cmm/m/it/10.53937 k[]$\OT1/cmr/m/n/10.53937 . $\OML/cmm/m/it/10.53937 k$\C70/rm/m/n/10.53937/7a z \C70/rm/m/n/10.53937/95 Ù \C70/rm/m/n/10.53937/76 Ñ \C70/rm/m/n/10.53937/6b œ \C70/rm/m/n/10.53937/4e * \C70/rm/m/n/10.53937/4f S \C70/rm/m/n/10.53937/79 Ô \C70/rm/m/n/10.53937/51 C$\OT1/cmr/m/n/10.53937 ([])[]$\C70/rm/m/n/10.53937/5b X \C70/rm/m/n/10.53937/57 (
 []


Underfull \hbox (badness 1102) in paragraph at lines 246--285
\OT1/cmr/m/n/10.53937 F\C70/rm/m/n/10.53937/90 ^^_ \C70/rm/m/n/10.53937/5e ¶$\OML/cmm/m/it/10.53937 v[] \OT1/cmr/m/n/10.53937 = ([]) = []([])[]$. F\C70/rm/m/n/10.53937/6e ) \C70/rm/m/n/10.53937/5e ¶$\OML/cmm/m/it/10.53937 T[] \OT1/cmr/m/n/10.53937 =
 []


Underfull \hbox (badness 1484) in paragraph at lines 246--285
\OML/cmm/m/it/10.53937 N; k[] \OT1/cmr/m/n/10.53937 = [] = []$. \C70/rm/m/n/10.53937/82 r \C70/rm/m/n/10.53937/65 c \C70/rm/m/n/10.53937/51 s \C70/rm/m/n/10.53937/7c ˚\OT1/cmr/m/n/10.53937 :$\OML/cmm/m/it/10.53937 ^^O \OT1/cmr/m/n/10.53937 =
 []


Underfull \hbox (badness 2486) in paragraph at lines 246--285
\C70/rm/m/n/10.53937/5b P \C70/rm/m/n/10.53937/70 Ì \C70/rm/m/n/10.53937/5b π$\OML/cmm/m/it/10.53937 C[] \OT1/cmr/m/n/10.53937 = [] = [][] \OML/cmm/m/it/10.53937 d^^O\OT1/cmr/m/n/10.53937 (\OML/cmm/m/it/10.53937 ^^O \OMS/cmsy/m/n/10.53937 ^^@ \OML/cmm/m/it/10.53937 ^^O[]\OT1/cmr/m/n/10.53937 )[]\OML/cmm/m/it/10.53937 D\OT1/cmr/m/n/10.53937 (\OML/cmm/m/it/10.53937 ^^O\OT1/cmr/m/n/10.53937 ) \OMS/cmsy/m/n/10.53937 ^^Y
 []


Underfull \hbox (badness 1122) in paragraph at lines 246--285
\C70/rm/m/n/10.53937/56 ﬁ \C70/rm/m/n/10.53937/65 À \C70/rm/m/n/10.53937/98 ë \C70/rm/m/n/10.53937/73 á$\OML/cmm/m/it/10.53937 ![] \OT1/cmr/m/n/10.53937 = []$ (8)\C70/rm/m/n/10.53937/97 ^^M \C70/rm/m/n/10.53937/5c ^^T \C70/rm/m/n/10.53937/65 H \C70/rm/m/n/10.53937/5e î\OT1/cmr/m/n/10.53937 .\C70/rm/m/n/10.53937/97 ^^M \C70/rm/m/n/10.53937/5c ^^T \C70/rm/m/n/10.53937/7c ˚ \C70/rm/m/n/10.53937/65 p$\OML/cmm/m/it/10.53937 R[] \OT1/cmr/m/n/10.53937 =
 []


Underfull \hbox (badness 4492) in paragraph at lines 286--301
[]\OT1/cmr/m/n/10.53937 )[] = [] \OMS/cmsy/m/n/10.53937 ! \OML/cmm/m/it/10.53937 k \OT1/cmr/m/n/10.53937 = \OMS/cmsy/m/n/10.53937 ^^F[]\OML/cmm/m/it/10.53937 G \OT1/cmr/m/n/10.53937 = \OMS/cmsy/m/n/10.53937 ^^F[]$\OT1/cmr/m/n/10.53937 (\C70/rm/m/n/10.53937/50 ^^R \C70/rm/m/n/10.53937/68 <
 []


Underfull \hbox (badness 1565) in paragraph at lines 286--301
\OMS/cmsy/m/n/10.53937 j\OML/cmm/m/it/10.53937  \OT1/cmr/m/n/10.53937 (\OMS/cmsy/m/n/10.53937 ^^@\OT1/cmr/m/n/10.53937 )\OMS/cmsy/m/n/10.53937 j[] / [][] []$\OT1/cmr/m/n/10.53937 .\C70/rm/m/n/10.53937/59 ' \C70/rm/m/n/10.53937/5c ^^O \C70/rm/m/n/10.53937/51 s \C70/rm/m/n/10.53937/7c ˚\OT1/cmr/m/n/10.53937 :$\OMS/cmsy/m/n/10.53937 h\OML/cmm/m/it/10.53937  \OT1/cmr/m/n/10.53937 (\OMS/cmsy/m/n/10.53937 ^^@\OT1/cmr/m/n/10.53937 )\OMS/cmsy/m/n/10.53937 j\OML/cmm/m/it/10.53937 U\OMS/cmsy/m/n/10.53937 j\OML/cmm/m/it/10.53937  \OT1/cmr/m/n/10.53937 (\OMS/cmsy/m/n/10.53937 ^^@\OT1/cmr/m/n/10.53937 )\OMS/cmsy/m/n/10.53937 i ^^T
 []


Underfull \hbox (badness 6016) in paragraph at lines 286--301
\OMS/cmsy/m/n/10.53937 h\OML/cmm/m/it/10.53937 e[]\OMS/cmsy/m/n/10.53937 j\OML/cmm/m/it/10.53937 U\OMS/cmsy/m/n/10.53937 j\OML/cmm/m/it/10.53937 e[]\OMS/cmsy/m/n/10.53937 i ^^T h\OML/cmm/m/it/10.53937  \OT1/cmr/m/n/10.53937 (+)\OMS/cmsy/m/n/10.53937 j\OML/cmm/m/it/10.53937 U\OMS/cmsy/m/n/10.53937 j\OML/cmm/m/it/10.53937  \OT1/cmr/m/n/10.53937 (+)\OMS/cmsy/m/n/10.53937 i$\OT1/cmr/m/n/10.53937 . \C70/rm/m/n/10.53937/82 Â \C70/rm/m/n/10.53937/4e ^^@
 []


Underfull \hbox (badness 1533) in paragraph at lines 286--301
[][] \OML/cmm/m/it/10.53937 dxU\OT1/cmr/m/n/10.53937 (\OML/cmm/m/it/10.53937 x\OT1/cmr/m/n/10.53937 )[\OMS/cmsy/m/n/10.53937 j\OML/cmm/m/it/10.53937  \OT1/cmr/m/n/10.53937 (+)\OMS/cmsy/m/n/10.53937 j[] ^^@ j\OML/cmm/m/it/10.53937  \OT1/cmr/m/n/10.53937 (\OMS/cmsy/m/n/10.53937 ^^@\OT1/cmr/m/n/10.53937 )\OMS/cmsy/m/n/10.53937 j[]\OT1/cmr/m/n/10.53937 ] = \OML/cmm/m/it/10.53937 U$\OT1/cmr/m/n/10.53937 . (2)\C70/rm/m/n/10.53937/5e ^^C \C70/rm/m/n/10.53937/6d ^^[ \C70/rm/m/n/10.53937/8d k
 []


Underfull \hbox (badness 1348) in paragraph at lines 286--301
\OML/cmm/m/it/10.53937 U\OT1/cmr/m/n/10.53937 (\OML/cmm/m/it/10.53937 x\OT1/cmr/m/n/10.53937 )\OML/cmm/m/it/10.53937   \OT1/cmr/m/n/10.53937 = \OML/cmm/m/it/10.53937 ^^O $\OT1/cmr/m/n/10.53937 . $\OML/cmm/m/it/10.53937 x \OMS/cmsy/m/n/10.53937 2 \OT1/cmr/m/n/10.53937 (0\OML/cmm/m/it/10.53937 ; a\OT1/cmr/m/n/10.53937 ) : \OML/cmm/m/it/10.53937   \OT1/cmr/m/n/10.53937 = \OML/cmm/m/it/10.53937 Ae[] \OT1/cmr/m/n/10.53937 +
 []

[2] (./condensed-matter-physics-cheat-sheet.aux)
Package rerunfilecheck Info: File `condensed-matter-physics-cheat-sheet.out' has not changed.
(rerunfilecheck)             Checksum: D41D8CD98F00B204E9800998ECF8427E;0.
 ) 
Here is how much of TeX's memory you used:
 23641 strings out of 478268
 442500 string characters out of 5850345
 868856 words of memory out of 5000000
 41271 multiletter control sequences out of 15000+600000
 503684 words of font info for 152 fonts, out of 8000000 for 9000
 1141 hyphenation exceptions out of 8191
 75i,7n,78p,1250b,1059s stack positions out of 10000i,1000n,20000p,200000b,200000s
<c:/Windows/Fonts/simhei.ttf><c:/Windows/Fonts/simsun.ttc><c:/Windows/Fonts/simhei.ttf><c:/Windows/Fonts/simsun.ttc><c:/Windows/Fonts/simsun.ttc><c:/Windows/Fonts/simsun.ttc><c:/Windows/Fonts/simhei.ttf><c:/Windows/Fonts/simhei.ttf><c:/Windows/Fonts/simsun.ttc><c:/Windows/Fonts/simsun.ttc><c:/Windows/Fonts/simhei.ttf><c:/Windows/Fonts/simsun.ttc><c:/Windows/Fonts/simhei.ttf><c:/Windows/Fonts/simsun.ttc><c:/Windows/Fonts/simsun.ttc><c:/Windows/Fonts/simhei.ttf><c:/Windows/Fonts/simsun.ttc><c:/Windows/Fonts/simsun.ttc><c:/Windows/Fonts/simsun.ttc><c:/Windows/Fonts/simhei.ttf><c:/Windows/Fonts/simhei.ttf><c:/Windows/Fonts/simsun.ttc><c:/Windows/Fonts/simsun.ttc><c:/Windows/Fonts/simsun.ttc><c:/Windows/Fonts/simsun.ttc><c:/Windows/Fonts/simsun.ttc><c:/Windows/Fonts/simsun.ttc><c:/Windows/Fonts/simsun.ttc><c:/Windows/Fonts/simsun.ttc><c:/Windows/Fonts/simsun.ttc><c:/Windows/Fonts/simhei.ttf><c:/Windows/Fonts/simsun.ttc><c:/Windows/Fonts/simsun.ttc><c:/Windows/Fonts/simsun.ttc><c:/Windows/Fonts/simhei.ttf><c:/Windows/Fonts/simhei.ttf><c:/Windows/Fonts/simsun.ttc><c:/Windows/Fonts/simsun.ttc><c:/Windows/Fonts/simhei.ttf><c:/Windows/Fonts/simhei.ttf><c:/Windows/Fonts/simsun.ttc><c:/Windows/Fonts/simhei.ttf><c:/Windows/Fonts/simhei.ttf><c:/Windows/Fonts/simhei.ttf><c:/Windows/Fonts/simhei.ttf><c:/Windows/Fonts/simsun.ttc><c:/Windows/Fonts/simsun.ttc><c:/Windows/Fonts/simsun.ttc><c:/Windows/Fonts/simhei.ttf><c:/Windows/Fonts/simhei.ttf><c:/Windows/Fonts/simhei.ttf><c:/Windows/Fonts/simhei.ttf><c:/Windows/Fonts/simhei.ttf><c:/Windows/Fonts/simhei.ttf><c:/Windows/Fonts/simhei.ttf><c:/Windows/Fonts/simhei.ttf><c:/Windows/Fonts/simhei.ttf><c:/Windows/Fonts/simhei.ttf><c:/Windows/Fonts/simsun.ttc><c:/Windows/Fonts/simsun.ttc><c:/Windows/Fonts/simsun.ttc><c:/Windows/Fonts/simsun.ttc><c:/Windows/Fonts/simhei.ttf><c:/Windows/Fonts/simhei.ttf><c:/Windows/Fonts/simhei.ttf><c:/Windows/Fonts/simsun.ttc><c:/Windows/Fonts/simsun.ttc><c:/Windows/Fonts/simsun.ttc><c:/Windows/Fonts/simsun.ttc><c:/Windows/Fonts/simsun.ttc><c:/Windows/Fonts/simsun.ttc><c:/Windows/Fonts/simsun.ttc><c:/Windows/Fonts/simsun.ttc><c:/Windows/Fonts/simsun.ttc><c:/Windows/Fonts/simsun.ttc><c:/Windows/Fonts/simsun.ttc><c:/Windows/Fonts/simsun.ttc><c:/Windows/Fonts/simsun.ttc><c:/Windows/Fonts/simsun.ttc><c:/Windows/Fonts/simsun.ttc><c:/Windows/Fonts/simsun.ttc><c:/Windows/Fonts/simsun.ttc><c:/Windows/Fonts/simsun.ttc><c:/Windows/Fonts/simsun.ttc><c:/Windows/Fonts/simsun.ttc><c:/Windows/Fonts/simsun.ttc><c:/Windows/Fonts/simsun.ttc><c:/Windows/Fonts/simsun.ttc><c:/Windows/Fonts/simsun.ttc><c:/Windows/Fonts/simsun.ttc><c:/Windows/Fonts/simsun.ttc><c:/Windows/Fonts/simsun.ttc><c:/Windows/Fonts/simsun.ttc><c:/Windows/Fonts/simhei.ttf><c:/Windows/Fonts/simhei.ttf>{c:/texlive/2022/texmf-dist/fonts/enc/dvips/cm-super/cm-super-ts1.enc}<c:/texlive/2022/texmf-dist/fonts/type1/public/amsfonts/cm/cmbx10.pfb><c:/texlive/2022/texmf-dist/fonts/type1/public/amsfonts/cm/cmex10.pfb><c:/texlive/2022/texmf-dist/fonts/type1/public/amsfonts/cmextra/cmex7.pfb><c:/texlive/2022/texmf-dist/fonts/type1/public/amsfonts/cm/cmmi10.pfb><c:/texlive/2022/texmf-dist/fonts/type1/public/amsfonts/cm/cmmi5.pfb><c:/texlive/2022/texmf-dist/fonts/type1/public/amsfonts/cm/cmmi7.pfb><c:/texlive/2022/texmf-dist/fonts/type1/public/amsfonts/cm/cmr10.pfb><c:/texlive/2022/texmf-dist/fonts/type1/public/amsfonts/cm/cmr5.pfb><c:/texlive/2022/texmf-dist/fonts/type1/public/amsfonts/cm/cmr7.pfb><c:/texlive/2022/texmf-dist/fonts/type1/public/amsfonts/cm/cmsy10.pfb><c:/texlive/2022/texmf-dist/fonts/type1/public/amsfonts/cm/cmsy5.pfb><c:/texlive/2022/texmf-dist/fonts/type1/public/amsfonts/cm/cmsy7.pfb><c:/texlive/2022/texmf-dist/fonts/type1/public/amsfonts/symbols/msbm10.pfb><c:/texlive/2022/texmf-dist/fonts/type1/public/amsfonts/symbols/msbm5.pfb><c:/texlive/2022/texmf-dist/fonts/type1/public/amsfonts/symbols/msbm7.pfb><c:/texlive/2022/texmf-dist/fonts/type1/public/cm-super/sfrm1000.pfb>
Output written on condensed-matter-physics-cheat-sheet.pdf (2 pages, 586992 bytes).
PDF statistics:
 543 PDF objects out of 1000 (max. 8388607)
 346 compressed objects within 4 object streams
 3 named destinations out of 1000 (max. 500000)
 249 words of extra memory for PDF output out of 10000 (max. 10000000)

